<?xml version="1.0" encoding="UTF-8"?>
<testsuite xmlns:xsi="http://www.w3.org/2001/XMLSchema-instance" xsi:noNamespaceSchemaLocation="https://maven.apache.org/surefire/maven-surefire-plugin/xsd/surefire-test-report-3.0.xsd" version="3.0" name="com.example.demo.DemoApplication_UnitTests" time="0.08" tests="2" errors="0" skipped="0" failures="0">
  <properties>
[...]
</properties>
  <testcase name="test_Success" classname="com.example.demo.DemoApplication_UnitTests" time="0.049"/>
  <testcase name="test_Failure_NullInput" classname="com.example.demo.DemoApplication_UnitTests" time="0"/>
</testsuite>